<?xml version="1.0" encoding="UTF-8"?>
<testsuite name="edu.uoc.pac3.IntegrationTest" tests="10" skipped="0" failures="0" errors="0" timestamp="2022-11-18T08:30:49" hostname="VIVOBOOK_UGE" time="0.041">
  <properties/>
  <testcase name="testIntegration1()" classname="edu.uoc.pac3.IntegrationTest" time="0.013"/>
  <testcase name="testIntegration2()" classname="edu.uoc.pac3.IntegrationTest" time="0.002"/>
  <testcase name="testIntegration3()" classname="edu.uoc.pac3.IntegrationTest" time="0.001"/>
  <testcase name="testIntegration4()" classname="edu.uoc.pac3.IntegrationTest" time="0.002"/>
  <testcase name="testIntegration5()" classname="edu.uoc.pac3.IntegrationTest" time="0.002"/>
  <testcase name="testIntegration6()" classname="edu.uoc.pac3.IntegrationTest" time="0.002"/>
  <testcase name="testIntegration7()" classname="edu.uoc.pac3.IntegrationTest" time="0.002"/>
  <testcase name="testIntegration8()" classname="edu.uoc.pac3.IntegrationTest" time="0.001"/>
  <testcase name="testIntegration9()" classname="edu.uoc.pac3.IntegrationTest" time="0.002"/>
  <testcase name="testIntegration10()" classname="edu.uoc.pac3.IntegrationTest" time="0.01"/>
  <system-out><![CDATA[]]></system-out>
  <system-err><![CDATA[]]></system-err>
</testsuite>
